<?xml version="1.0" encoding="UTF-8"?>
<!-- Generated by org.testng.reporters.JUnitReportReporter -->
<testsuite hostname="Pankaj" failures="0" tests="1" name="TestCases.Verify_Header" time="12.021" errors="0" timestamp="2023-03-30T15:13:06 IST" skipped="0">
  <testcase classname="TestCases.Verify_Header" name="header" time="12.021"/>
  <system-out/>
</testsuite> <!-- TestCases.Verify_Header -->
