<?xml version="1.0" encoding="UTF-8"?>
<!-- Generated by org.testng.reporters.JUnitReportReporter -->
<testsuite hostname="Pankaj" failures="0" tests="1" name="TestCases.VerifyHeader" time="16.702" errors="0" timestamp="2023-03-11T15:52:52 IST" skipped="0">
  <testcase classname="TestCases.VerifyHeader" name="header" time="16.702"/>
  <system-out/>
</testsuite> <!-- TestCases.VerifyHeader -->
