<?xml version="1.0" encoding="UTF-8"?>
<!-- Generated by org.testng.reporters.JUnitReportReporter -->
<testsuite hostname="Pankaj" failures="0" tests="1" name="TestCases.Verify_Menu_Bar" time="11.819" errors="0" timestamp="2023-03-30T15:13:06 IST" skipped="0">
  <testcase classname="TestCases.Verify_Menu_Bar" name="MenuBar" time="11.819"/>
  <system-out/>
</testsuite> <!-- TestCases.Verify_Menu_Bar -->
